{"meta": {"version": "6.2", "timestamp": "2021-12-08T21:34:16.127239", "branch_coverage": false, "show_contexts": false}, "files": {"badgegen.py": {"executed_lines": [], "summary": {"covered_lines": 0, "num_statements": 15, "percent_covered": 0.0, "percent_covered_display": "0", "missing_lines": 15, "excluded_lines": 0}, "missing_lines": [1, 2, 4, 5, 6, 7, 8, 10, 11, 12, 13, 14, 15, 16, 17], "excluded_lines": []}, "manage.py": {"executed_lines": [2, 3, 5, 6, 8, 10], "summary": {"covered_lines": 6, "num_statements": 6, "percent_covered": 100.0, "percent_covered_display": "100", "missing_lines": 0, "excluded_lines": 0}, "missing_lines": [], "excluded_lines": []}, "setup.py": {"executed_lines": [], "summary": {"covered_lines": 0, "num_statements": 9, "percent_covered": 0.0, "percent_covered_display": "0", "missing_lines": 9, "excluded_lines": 0}, "missing_lines": [1, 3, 5, 8, 9, 10, 11, 12, 15], "excluded_lines": []}, "tinylinks/__init__.py": {"executed_lines": [1], "summary": {"covered_lines": 1, "num_statements": 1, "percent_covered": 100.0, "percent_covered_display": "100", "missing_lines": 0, "excluded_lines": 0}, "missing_lines": [], "excluded_lines": []}, "tinylinks/admin.py": {"executed_lines": [1, 2, 3, 4, 5, 6, 9, 10, 19, 20, 22, 26, 29, 31, 36, 39, 42, 43, 44, 45, 48], "summary": {"covered_lines": 20, "num_statements": 24, "percent_covered": 83.33333333333333, "percent_covered_display": "83", "missing_lines": 4, "excluded_lines": 0}, "missing_lines": [27, 32, 33, 34], "excluded_lines": []}, "tinylinks/detaults.py": {"executed_lines": [1], "summary": {"covered_lines": 1, "num_statements": 1, "percent_covered": 100.0, "percent_covered_display": "100", "missing_lines": 0, "excluded_lines": 0}, "missing_lines": [], "excluded_lines": []}, "tinylinks/forms.py": {"executed_lines": [1, 2, 4, 5, 6, 7, 10, 11, 16, 66, 106, 112, 113, 114, 117, 118, 123, 141, 161, 162, 163], "summary": {"covered_lines": 18, "num_statements": 75, "percent_covered": 24.0, "percent_covered_display": "24", "missing_lines": 57, "excluded_lines": 0}, "missing_lines": [26, 27, 28, 30, 31, 35, 37, 38, 41, 42, 43, 47, 48, 61, 62, 64, 67, 69, 70, 71, 72, 75, 76, 77, 79, 82, 85, 89, 90, 92, 93, 95, 97, 98, 99, 103, 104, 107, 108, 109, 110, 125, 126, 128, 129, 131, 142, 144, 145, 146, 147, 148, 149, 153, 155, 156, 159], "excluded_lines": []}, "tinylinks/management/__init__.py": {"executed_lines": [1], "summary": {"covered_lines": 0, "num_statements": 0, "percent_covered": 100.0, "percent_covered_display": "100", "missing_lines": 0, "excluded_lines": 0}, "missing_lines": [], "excluded_lines": []}, "tinylinks/management/commands/__init__.py": {"executed_lines": [1], "summary": {"covered_lines": 0, "num_statements": 0, "percent_covered": 100.0, "percent_covered_display": "100", "missing_lines": 0, "excluded_lines": 0}, "missing_lines": [], "excluded_lines": []}, "tinylinks/management/commands/_config.py": {"executed_lines": [], "summary": {"covered_lines": 0, "num_statements": 8, "percent_covered": 0.0, "percent_covered_display": "0", "missing_lines": 8, "excluded_lines": 0}, "missing_lines": [1, 2, 3, 5, 14, 15, 16, 17], "excluded_lines": []}, "tinylinks/management/commands/_queries.py": {"executed_lines": [], "summary": {"covered_lines": 0, "num_statements": 2, "percent_covered": 0.0, "percent_covered_display": "0", "missing_lines": 2, "excluded_lines": 0}, "missing_lines": [1, 4], "excluded_lines": []}, "tinylinks/management/commands/check_tinylink_targets.py": {"executed_lines": [], "summary": {"covered_lines": 0, "num_statements": 13, "percent_covered": 0.0, "percent_covered_display": "0", "missing_lines": 13, "excluded_lines": 0}, "missing_lines": [9, 10, 11, 12, 15, 18, 20, 21, 22, 23, 24, 25, 26], "excluded_lines": []}, "tinylinks/management/commands/import_yourls_db.py": {"executed_lines": [], "summary": {"covered_lines": 0, "num_statements": 53, "percent_covered": 0.0, "percent_covered_display": "0", "missing_lines": 53, "excluded_lines": 0}, "missing_lines": [1, 3, 5, 6, 7, 8, 11, 12, 15, 16, 17, 18, 19, 20, 21, 22, 23, 25, 26, 27, 28, 29, 30, 34, 35, 36, 38, 39, 40, 41, 42, 46, 47, 48, 50, 51, 52, 53, 54, 56, 65, 66, 67, 69, 70, 71, 72, 73, 75, 76, 81, 82, 83], "excluded_lines": []}, "tinylinks/management/commands/track_views.py": {"executed_lines": [], "summary": {"covered_lines": 0, "num_statements": 51, "percent_covered": 0.0, "percent_covered_display": "0", "missing_lines": 51, "excluded_lines": 0}, "missing_lines": [1, 2, 3, 4, 5, 7, 8, 9, 10, 11, 12, 14, 15, 16, 17, 19, 20, 22, 23, 25, 28, 29, 30, 31, 32, 33, 34, 35, 36, 37, 55, 56, 57, 59, 60, 61, 62, 63, 65, 66, 67, 68, 69, 71, 72, 73, 74, 76, 77, 78, 79], "excluded_lines": []}, "tinylinks/migrations/0001_initial.py": {"executed_lines": [3, 4, 5, 6, 9, 11, 13, 17], "summary": {"covered_lines": 8, "num_statements": 8, "percent_covered": 100.0, "percent_covered_display": "100", "missing_lines": 0, "excluded_lines": 0}, "missing_lines": [], "excluded_lines": []}, "tinylinks/migrations/__init__.py": {"executed_lines": [1], "summary": {"covered_lines": 0, "num_statements": 0, "percent_covered": 100.0, "percent_covered_display": "100", "missing_lines": 0, "excluded_lines": 0}, "missing_lines": [], "excluded_lines": []}, "tinylinks/models.py": {"executed_lines": [1, 2, 3, 4, 6, 7, 8, 9, 10, 11, 12, 14, 17, 43, 89, 90, 104, 113, 118, 124, 129, 135, 140, 145, 151, 152, 156, 159, 160, 162, 173, 174, 179, 187, 192, 194, 200, 202, 204, 206, 207], "summary": {"covered_lines": 38, "num_statements": 88, "percent_covered": 43.18181818181818, "percent_covered_display": "43", "missing_lines": 50, "excluded_lines": 0}, "missing_lines": [23, 24, 25, 27, 28, 29, 30, 31, 32, 33, 34, 35, 36, 37, 38, 39, 40, 49, 50, 51, 52, 53, 55, 57, 59, 60, 61, 62, 63, 64, 67, 68, 69, 70, 71, 72, 73, 76, 77, 78, 79, 81, 83, 84, 85, 86, 157, 168, 169, 170], "excluded_lines": []}, "tinylinks/piwik.py": {"executed_lines": [], "summary": {"covered_lines": 0, "num_statements": 33, "percent_covered": 0.0, "percent_covered_display": "0", "missing_lines": 33, "excluded_lines": 0}, "missing_lines": [1, 2, 3, 4, 7, 15, 18, 24, 25, 28, 29, 30, 31, 39, 42, 43, 44, 45, 46, 48, 51, 52, 55, 56, 58, 59, 61, 62, 69, 71, 72, 73, 74], "excluded_lines": []}, "tinylinks/router.py": {"executed_lines": [1, 2, 5, 6], "summary": {"covered_lines": 4, "num_statements": 4, "percent_covered": 100.0, "percent_covered_display": "100", "missing_lines": 0, "excluded_lines": 0}, "missing_lines": [], "excluded_lines": []}, "tinylinks/serializers.py": {"executed_lines": [1, 3, 4, 5, 6, 7, 9, 10, 12, 15, 16, 20, 21, 22, 25, 27, 29, 30, 31, 33, 34, 35, 38, 42, 44, 45, 46, 49, 52, 53, 54, 56, 57, 58, 59], "summary": {"covered_lines": 35, "num_statements": 37, "percent_covered": 94.5945945945946, "percent_covered_display": "95", "missing_lines": 2, "excluded_lines": 0}, "missing_lines": [39, 50], "excluded_lines": []}, "tinylinks/templatetags/__init__.py": {"executed_lines": [1], "summary": {"covered_lines": 0, "num_statements": 0, "percent_covered": 100.0, "percent_covered_display": "100", "missing_lines": 0, "excluded_lines": 0}, "missing_lines": [], "excluded_lines": []}, "tinylinks/templatetags/verbose_names.py": {"executed_lines": [1, 3, 6, 7, 11], "summary": {"covered_lines": 5, "num_statements": 5, "percent_covered": 100.0, "percent_covered_display": "100", "missing_lines": 0, "excluded_lines": 0}, "missing_lines": [], "excluded_lines": []}, "tinylinks/tests/__init__.py": {"executed_lines": [1], "summary": {"covered_lines": 0, "num_statements": 0, "percent_covered": 100.0, "percent_covered_display": "100", "missing_lines": 0, "excluded_lines": 0}, "missing_lines": [], "excluded_lines": []}, "tinylinks/tests/factories.py": {"executed_lines": [], "summary": {"covered_lines": 0, "num_statements": 26, "percent_covered": 0.0, "percent_covered_display": "0", "missing_lines": 26, "excluded_lines": 0}, "missing_lines": [5, 6, 7, 9, 11, 14, 15, 16, 18, 19, 22, 27, 28, 30, 31, 32, 33, 34, 37, 42, 43, 45, 46, 47, 48, 49], "excluded_lines": []}, "tinylinks/tests/settings.py": {"executed_lines": [1, 12, 14, 16, 23, 25, 26, 27, 28, 30, 31, 32, 35, 37, 39, 53], "summary": {"covered_lines": 15, "num_statements": 15, "percent_covered": 100.0, "percent_covered_display": "100", "missing_lines": 0, "excluded_lines": 0}, "missing_lines": [], "excluded_lines": []}, "tinylinks/tests/test_settings.py": {"executed_lines": [1, 2, 4, 5, 6, 8, 9, 10, 12, 14, 16, 18, 20, 33, 37, 49, 65, 75, 77, 79, 81], "summary": {"covered_lines": 20, "num_statements": 20, "percent_covered": 100.0, "percent_covered_display": "100", "missing_lines": 0, "excluded_lines": 0}, "missing_lines": [], "excluded_lines": []}, "tinylinks/tests/tests.py": {"executed_lines": [1, 2, 3, 4, 5, 7, 9, 12, 13, 14, 15, 16, 21, 26, 34, 37, 41, 42, 43, 44, 47, 51, 56, 57, 58, 59, 63, 70, 73, 74, 75, 76, 80, 81, 82, 84, 85, 86, 88, 89, 92, 94, 95, 98, 100, 101, 102, 104, 105, 106, 108, 109, 110, 112, 113, 114, 116, 117, 120, 123, 124, 125, 131, 135, 136, 137, 140, 142, 146, 147, 150, 152, 153, 154, 155, 158, 159, 161, 162, 163, 164, 167, 168], "summary": {"covered_lines": 83, "num_statements": 83, "percent_covered": 100.0, "percent_covered_display": "100", "missing_lines": 0, "excluded_lines": 0}, "missing_lines": [], "excluded_lines": []}, "tinylinks/tests/urls.py": {"executed_lines": [1, 7, 8, 9, 11, 14], "summary": {"covered_lines": 5, "num_statements": 5, "percent_covered": 100.0, "percent_covered_display": "100", "missing_lines": 0, "excluded_lines": 0}, "missing_lines": [], "excluded_lines": []}, "tinylinks/urls.py": {"executed_lines": [1, 2, 3, 4, 5, 6, 7, 14, 15, 18, 20, 22, 38, 47, 55], "summary": {"covered_lines": 14, "num_statements": 15, "percent_covered": 93.33333333333333, "percent_covered_display": "93", "missing_lines": 1, "excluded_lines": 0}, "missing_lines": [39], "excluded_lines": []}, "tinylinks/utils.py": {"executed_lines": [], "summary": {"covered_lines": 0, "num_statements": 8, "percent_covered": 0.0, "percent_covered_display": "0", "missing_lines": 8, "excluded_lines": 0}, "missing_lines": [1, 4, 5, 6, 7, 8, 9, 11], "excluded_lines": []}, "tinylinks/views.py": {"executed_lines": [1, 2, 3, 4, 5, 6, 7, 8, 9, 10, 11, 12, 13, 20, 21, 26, 27, 28, 29, 31, 32, 33, 35, 37, 40, 41, 46, 47, 49, 50, 54, 59, 69, 79, 83, 84, 89, 91, 92, 107, 112, 116, 117, 122, 128, 129, 134, 137, 138, 143, 146, 147, 152, 187, 205, 206, 211, 212, 214, 215, 217, 220, 221, 226, 227, 228, 233, 235, 236, 237, 238, 247, 248, 249, 250, 251, 252, 258, 261, 262, 263, 264, 265, 266, 267, 268, 292, 293, 298, 299, 300, 303, 304, 308, 313, 321, 322, 327, 332, 334, 337, 338, 343, 384, 385, 390, 396, 398, 402, 403, 409, 412, 413, 419, 421, 425, 430], "summary": {"covered_lines": 107, "num_statements": 211, "percent_covered": 50.71090047393365, "percent_covered_display": "51", "missing_lines": 104, "excluded_lines": 0}, "missing_lines": [51, 52, 55, 56, 57, 60, 61, 62, 63, 66, 67, 70, 71, 77, 80, 93, 94, 95, 96, 97, 98, 99, 100, 101, 102, 103, 104, 105, 108, 109, 110, 113, 123, 153, 154, 155, 156, 157, 158, 159, 161, 162, 163, 165, 166, 167, 168, 170, 171, 172, 173, 174, 176, 183, 185, 195, 196, 197, 198, 199, 200, 202, 216, 239, 240, 242, 245, 271, 272, 273, 274, 279, 280, 284, 285, 286, 305, 349, 350, 351, 352, 353, 354, 356, 357, 358, 359, 365, 367, 368, 370, 371, 372, 373, 374, 375, 377, 378, 379, 381, 399, 400, 422, 423], "excluded_lines": []}}, "totals": {"covered_lines": 380, "num_statements": 816, "percent_covered": 46.568627450980394, "percent_covered_display": "47", "missing_lines": 436, "excluded_lines": 0}}